<?xml version="1.0" encoding="UTF-8"?>
<!-- Generated by org.testng.reporters.JUnitReportReporter -->
<testsuite hostname="NikhilSomnathJadhav" failures="0" tests="1" name="testCases.TC01_AccountRegistration" time="3.666" errors="0" timestamp="2024-09-16T22:51:15 IST" skipped="0">
  <testcase classname="testCases.TC01_AccountRegistration" name="Account_Registration" time="3.666"/>
  <system-out/>
</testsuite> <!-- testCases.TC01_AccountRegistration -->
