<?xml version="1.0" encoding="UTF-8"?>
<!-- Generated by org.testng.reporters.JUnitReportReporter -->
<testsuite hostname="NikhilSomnathJadhav" failures="0" tests="1" name="testCases.TC02_LoginTest" time="1.892" errors="0" timestamp="2024-09-16T22:51:15 IST" skipped="0">
  <testcase classname="testCases.TC02_LoginTest" name="verify_Login" time="1.892"/>
  <system-out/>
</testsuite> <!-- testCases.TC02_LoginTest -->
