<?xml version="1.0" encoding="UTF-8"?>
<!-- Generated by org.testng.reporters.JUnitReportReporter -->
<testsuite hostname="NikhilSomnathJadhav" failures="0" tests="1" name="testCases.TC02_LoginTest" time="4.005" errors="0" timestamp="2024-09-18T21:49:38 IST" skipped="0">
  <testcase classname="testCases.TC02_LoginTest" name="verify_Login" time="4.005"/>
</testsuite> <!-- testCases.TC02_LoginTest -->
